console.error: SearchCache: "_readCacheFile: Error reading cache file:" (new Error("", "(unknown module)"))
1598148561641	Marionette	INFO	Listening on port 37979
1598148561666	Marionette	WARN	TLS certificate errors will be ignored for this session
1598148561720	Marionette	INFO	Stopped listening on port 37979
console.error: SearchCache: "_readCacheFile: Error reading cache file:" (new Error("", "(unknown module)"))
1598148574544	Marionette	INFO	Listening on port 41419
1598148574601	Marionette	WARN	TLS certificate errors will be ignored for this session
1598148574640	Marionette	INFO	Stopped listening on port 41419
console.error: SearchCache: "_readCacheFile: Error reading cache file:" (new Error("", "(unknown module)"))
1598148617786	Marionette	INFO	Listening on port 40069
1598148617855	Marionette	WARN	TLS certificate errors will be ignored for this session
1598148627085	Marionette	INFO	Stopped listening on port 40069
console.error: SearchCache: "_readCacheFile: Error reading cache file:" (new Error("", "(unknown module)"))
1598148676162	Marionette	INFO	Listening on port 35621
1598148676239	Marionette	WARN	TLS certificate errors will be ignored for this session
1598148695189	Marionette	INFO	Stopped listening on port 35621
console.error: SearchCache: "_readCacheFile: Error reading cache file:" (new Error("", "(unknown module)"))
1598148868513	Marionette	INFO	Listening on port 39467
1598148868595	Marionette	WARN	TLS certificate errors will be ignored for this session
1598148900636	Marionette	INFO	Stopped listening on port 39467
console.error: SearchCache: "_readCacheFile: Error reading cache file:" (new Error("", "(unknown module)"))
1598148906667	Marionette	INFO	Listening on port 39863
1598148906711	Marionette	WARN	TLS certificate errors will be ignored for this session
1598148938798	Marionette	INFO	Stopped listening on port 39863
console.error: SearchCache: "_readCacheFile: Error reading cache file:" (new Error("", "(unknown module)"))
1598148953809	Marionette	INFO	Listening on port 33267
1598148953890	Marionette	WARN	TLS certificate errors will be ignored for this session
1598148970905	Marionette	INFO	Stopped listening on port 33267
console.error: SearchCache: "_readCacheFile: Error reading cache file:" (new Error("", "(unknown module)"))
1598151520273	Marionette	INFO	Listening on port 35113
1598151520307	Marionette	WARN	TLS certificate errors will be ignored for this session
1598151552400	Marionette	INFO	Stopped listening on port 35113
console.error: SearchCache: "_readCacheFile: Error reading cache file:" (new Error("", "(unknown module)"))
1598151589377	Marionette	INFO	Listening on port 45343
1598151589437	Marionette	WARN	TLS certificate errors will be ignored for this session
JavaScript error: https://www.bsesdelhi.com/web/brpl/view-duplicate-bill?p_p_id=BsesBillDetailsView_INSTANCE_TlLknV4utVSF&p_p_state=normal&p_p_mode=view&_BsesBillDetailsView_INSTANCE_TlLknV4utVSF_javax.portlet.action=submitQuickPay&p_p_lifecycle=0 line 79 > injectedScript, line 4: TypeError: $(...).style is undefined
1598151633461	Marionette	INFO	Stopped listening on port 45343
console.error: SearchCache: "_readCacheFile: Error reading cache file:" (new Error("", "(unknown module)"))
1598151789199	Marionette	INFO	Listening on port 41777
1598151789278	Marionette	WARN	TLS certificate errors will be ignored for this session
JavaScript error: https://www.bsesdelhi.com/web/brpl/view-duplicate-bill?p_p_id=BsesBillDetailsView_INSTANCE_TlLknV4utVSF&p_p_state=normal&p_p_mode=view&_BsesBillDetailsView_INSTANCE_TlLknV4utVSF_javax.portlet.action=submitQuickPay&p_p_lifecycle=0 line 79 > injectedScript, line 4: TypeError: $(...).style is undefined
1598151840456	Marionette	INFO	Stopped listening on port 41777
console.error: SearchCache: "_readCacheFile: Error reading cache file:" (new Error("", "(unknown module)"))
1598151908843	Marionette	INFO	Listening on port 36451
1598151908941	Marionette	WARN	TLS certificate errors will be ignored for this session
1598151933470	Marionette	INFO	Stopped listening on port 36451
console.error: SearchCache: "_readCacheFile: Error reading cache file:" (new Error("", "(unknown module)"))
1598152436845	Marionette	INFO	Listening on port 32831
1598152436905	Marionette	WARN	TLS certificate errors will be ignored for this session
JavaScript error: resource://gre/modules/URIFixup.jsm, line 281: NS_ERROR_FAILURE: Should pass a non-null uri
1598152459509	Marionette	INFO	Stopped listening on port 32831
console.error: SearchCache: "_readCacheFile: Error reading cache file:" (new Error("", "(unknown module)"))
1598158512287	Marionette	INFO	Listening on port 34769
1598158512381	Marionette	WARN	TLS certificate errors will be ignored for this session
1598158534667	Marionette	WARN	TimedPromise timed out after 500 ms: stacktrace:
TimedPromise/<@chrome://marionette/content/sync.js:245:13
TimedPromise@chrome://marionette/content/sync.js:230:10
interaction.flushEventLoop@chrome://marionette/content/interaction.js:416:10
webdriverClickElement@chrome://marionette/content/interaction.js:182:31
Exiting due to channel error.
Exiting due to channel error.
Exiting due to channel error.
console.error: SearchCache: "_readCacheFile: Error reading cache file:" (new Error("", "(unknown module)"))
1598158560147	Marionette	INFO	Listening on port 40181
1598158560176	Marionette	WARN	TLS certificate errors will be ignored for this session
JavaScript error: https://www.bsesdelhi.com/web/brpl/view-duplicate-bill?p_p_id=BsesBillDetailsView_INSTANCE_TlLknV4utVSF&p_p_state=normal&p_p_mode=view&_BsesBillDetailsView_INSTANCE_TlLknV4utVSF_javax.portlet.action=submitQuickPay&p_p_lifecycle=0 line 79 > injectedScript, line 4: TypeError: $(...).style is undefined
1598158605872	Marionette	INFO	Stopped listening on port 40181
console.error: SearchCache: "_readCacheFile: Error reading cache file:" (new Error("", "(unknown module)"))
1598158730035	Marionette	INFO	Listening on port 44817
1598158730059	Marionette	WARN	TLS certificate errors will be ignored for this session
JavaScript error: https://www.bsesdelhi.com/web/brpl/view-duplicate-bill?p_p_id=BsesBillDetailsView_INSTANCE_TlLknV4utVSF&p_p_state=normal&p_p_mode=view&_BsesBillDetailsView_INSTANCE_TlLknV4utVSF_javax.portlet.action=submitQuickPay&p_p_lifecycle=0 line 79 > injectedScript, line 4: TypeError: $(...).style is undefined
1598158775405	Marionette	INFO	Stopped listening on port 44817
console.error: SearchCache: "_readCacheFile: Error reading cache file:" (new Error("", "(unknown module)"))
1598159367945	Marionette	INFO	Listening on port 45961
1598159368008	Marionette	WARN	TLS certificate errors will be ignored for this session
JavaScript error: https://www.bsesdelhi.com/web/brpl/view-duplicate-bill?p_p_id=BsesBillDetailsView_INSTANCE_TlLknV4utVSF&p_p_state=normal&p_p_mode=view&_BsesBillDetailsView_INSTANCE_TlLknV4utVSF_javax.portlet.action=submitQuickPay&p_p_lifecycle=0 line 79 > injectedScript, line 4: TypeError: $(...).style is undefined
1598159413343	Marionette	INFO	Stopped listening on port 45961
console.error: SearchCache: "_readCacheFile: Error reading cache file:" (new Error("", "(unknown module)"))
1598159467818	Marionette	INFO	Listening on port 33607
1598159467850	Marionette	WARN	TLS certificate errors will be ignored for this session
JavaScript error: https://www.bsesdelhi.com/web/brpl/view-duplicate-bill?p_p_id=BsesBillDetailsView_INSTANCE_TlLknV4utVSF&p_p_state=normal&p_p_mode=view&_BsesBillDetailsView_INSTANCE_TlLknV4utVSF_javax.portlet.action=submitQuickPay&p_p_lifecycle=0 line 79 > injectedScript, line 4: TypeError: $(...).style is undefined
1598159513591	Marionette	INFO	Stopped listening on port 33607
console.error: SearchCache: "_readCacheFile: Error reading cache file:" (new Error("", "(unknown module)"))
1598160187560	Marionette	INFO	Listening on port 34121
1598160187659	Marionette	WARN	TLS certificate errors will be ignored for this session
JavaScript error: https://www.bsesdelhi.com/web/brpl/view-duplicate-bill?p_p_id=BsesBillDetailsView_INSTANCE_TlLknV4utVSF&p_p_state=normal&p_p_mode=view&_BsesBillDetailsView_INSTANCE_TlLknV4utVSF_javax.portlet.action=submitQuickPay&p_p_lifecycle=0 line 79 > injectedScript, line 4: TypeError: $(...).style is undefined
1598160245818	Marionette	INFO	Stopped listening on port 34121
console.error: SearchCache: "_readCacheFile: Error reading cache file:" (new Error("", "(unknown module)"))
1598160313053	Marionette	INFO	Listening on port 39185
1598160313132	Marionette	WARN	TLS certificate errors will be ignored for this session
JavaScript error: https://www.bsesdelhi.com/web/brpl/view-duplicate-bill?p_p_id=BsesBillDetailsView_INSTANCE_TlLknV4utVSF&p_p_state=normal&p_p_mode=view&_BsesBillDetailsView_INSTANCE_TlLknV4utVSF_javax.portlet.action=submitQuickPay&p_p_lifecycle=0 line 79 > injectedScript, line 4: TypeError: $(...).style is undefined
1598160369104	Marionette	INFO	Stopped listening on port 39185

###!!! [Parent][MessageChannel] Error: (msgtype=0x1D0011,name=PBackgroundStorage::Msg_Observe) Channel error: cannot send/recv

console.error: SearchCache: "_readCacheFile: Error reading cache file:" (new Error("", "(unknown module)"))
1598160502787	Marionette	INFO	Listening on port 32971
1598160502830	Marionette	WARN	TLS certificate errors will be ignored for this session
JavaScript error: https://www.bsesdelhi.com/web/brpl/view-duplicate-bill?p_p_id=BsesBillDetailsView_INSTANCE_TlLknV4utVSF&p_p_state=normal&p_p_mode=view&_BsesBillDetailsView_INSTANCE_TlLknV4utVSF_javax.portlet.action=submitQuickPay&p_p_lifecycle=0 line 79 > injectedScript, line 4: TypeError: $(...).style is undefined
1598160567793	Marionette	INFO	Stopped listening on port 32971
console.error: SearchCache: "_readCacheFile: Error reading cache file:" (new Error("", "(unknown module)"))
1598161135054	Marionette	INFO	Listening on port 33737
1598161135152	Marionette	WARN	TLS certificate errors will be ignored for this session
Exiting due to channel error.
Exiting due to channel error.
Exiting due to channel error.
console.error: SearchCache: "_readCacheFile: Error reading cache file:" (new Error("", "(unknown module)"))
1598161177632	Marionette	INFO	Listening on port 40833
1598161177664	Marionette	WARN	TLS certificate errors will be ignored for this session
JavaScript error: https://www.bsesdelhi.com/web/brpl/view-duplicate-bill?p_p_id=BsesBillDetailsView_INSTANCE_TlLknV4utVSF&p_p_state=normal&p_p_mode=view&_BsesBillDetailsView_INSTANCE_TlLknV4utVSF_javax.portlet.action=submitQuickPay&p_p_lifecycle=0 line 79 > injectedScript, line 4: TypeError: $(...).style is undefined
1598161246841	Marionette	INFO	Stopped listening on port 40833
console.error: SearchCache: "_readCacheFile: Error reading cache file:" (new Error("", "(unknown module)"))
1598161925631	Marionette	INFO	Listening on port 39733
1598161925717	Marionette	WARN	TLS certificate errors will be ignored for this session
JavaScript error: https://www.bsesdelhi.com/web/brpl/view-duplicate-bill?p_p_id=BsesBillDetailsView_INSTANCE_TlLknV4utVSF&p_p_state=normal&p_p_mode=view&_BsesBillDetailsView_INSTANCE_TlLknV4utVSF_javax.portlet.action=submitQuickPay&p_p_lifecycle=0 line 79 > injectedScript, line 4: TypeError: $(...).style is undefined
1598162030455	Marionette	INFO	Stopped listening on port 39733
console.error: SearchCache: "_readCacheFile: Error reading cache file:" (new Error("", "(unknown module)"))
1598162146215	Marionette	INFO	Listening on port 36931
1598162146227	Marionette	WARN	TLS certificate errors will be ignored for this session
JavaScript error: https://www.bsesdelhi.com/web/brpl/view-duplicate-bill?p_p_id=BsesBillDetailsView_INSTANCE_TlLknV4utVSF&p_p_state=normal&p_p_mode=view&_BsesBillDetailsView_INSTANCE_TlLknV4utVSF_javax.portlet.action=submitQuickPay&p_p_lifecycle=0 line 79 > injectedScript, line 4: TypeError: $(...).style is undefined
1598162191584	Marionette	INFO	Stopped listening on port 36931
